<?xml version="1.0" encoding="UTF-8" ?>
<testsuite tests="4" failures="0" name="ru.deliveryClub.FirstTest" time="42.096" errors="0" skipped="0">
  <properties>
[...]
</properties>
  <testcase classname="ru.deliveryClub.FirstTest" name="polyGon" time="16.074"/>
  <testcase classname="ru.deliveryClub.FirstTest" name="yandexTitle" time="7.406"/>
  <testcase classname="ru.deliveryClub.FirstTest" name="googleTitle" time="9.277"/>
  <testcase classname="ru.deliveryClub.FirstTest" name="mailTitle" time="9.339"/>
</testsuite>